This file contains any messages produced by compilers while
running configure, to aid debugging if configure makes a mistake.

It was created by mysql++ configure 3.2.5, which was
generated by GNU Autoconf 2.69.  Invocation command line was

  $ ./configure --prefix=/usr/local --enable-thread-check

## --------- ##
## Platform. ##
## --------- ##

hostname = aliyun-ubuntu
uname -m = x86_64
uname -r = 4.15.0-48-generic
uname -s = Linux
uname -v = #51-Ubuntu SMP Wed Apr 3 08:28:49 UTC 2019

/usr/bin/uname -p = unknown
/bin/uname -X     = unknown

/bin/arch              = unknown
/usr/bin/arch -k       = unknown
/usr/convex/getsysinfo = unknown
/usr/bin/hostinfo      = unknown
/bin/machine           = unknown
/usr/bin/oslevel       = unknown
/bin/universe          = unknown

PATH: /root/.vscode-server/bin/e790b931385d72cf5669fcefc51cdf65990efa5d/bin
PATH: /root/.vscode-server/bin/e790b931385d72cf5669fcefc51cdf65990efa5d/bin
PATH: /usr/local/sbin
PATH: /usr/local/bin
PATH: /usr/sbin
PATH: /usr/bin
PATH: /sbin
PATH: /bin
PATH: /usr/games
PATH: /usr/local/games
PATH: /snap/bin


## ----------- ##
## Core tests. ##
## ----------- ##

configure:2418: checking build system type
configure:2432: result: x86_64-pc-linux-gnu
configure:2452: checking host system type
configure:2465: result: x86_64-pc-linux-gnu
configure:2485: checking target system type
configure:2498: result: x86_64-pc-linux-gnu
configure:2574: checking how to print strings
configure:2601: result: printf
configure:2670: checking for gcc
configure:2686: found /usr/bin/gcc
configure:2697: result: gcc
configure:2926: checking for C compiler version
configure:2935: gcc --version >&5
gcc (Ubuntu 7.5.0-3ubuntu1~18.04) 7.5.0
Copyright (C) 2017 Free Software Foundation, Inc.
This is free software; see the source for copying conditions.  There is NO
warranty; not even for MERCHANTABILITY or FITNESS FOR A PARTICULAR PURPOSE.

configure:2946: $? = 0
configure:2935: gcc -v >&5
Using built-in specs.
COLLECT_GCC=gcc
COLLECT_LTO_WRAPPER=/usr/lib/gcc/x86_64-linux-gnu/7/lto-wrapper
OFFLOAD_TARGET_NAMES=nvptx-none
OFFLOAD_TARGET_DEFAULT=1
Target: x86_64-linux-gnu
Configured with: ../src/configure -v --with-pkgversion='Ubuntu 7.5.0-3ubuntu1~18.04' --with-bugurl=file:///usr/share/doc/gcc-7/README.Bugs --enable-languages=c,ada,c++,go,brig,d,fortran,objc,obj-c++ --prefix=/usr --with-gcc-major-version-only --program-suffix=-7 --program-prefix=x86_64-linux-gnu- --enable-shared --enable-linker-build-id --libexecdir=/usr/lib --without-included-gettext --enable-threads=posix --libdir=/usr/lib --enable-nls --enable-bootstrap --enable-clocale=gnu --enable-libstdcxx-debug --enable-libstdcxx-time=yes --with-default-libstdcxx-abi=new --enable-gnu-unique-object --disable-vtable-verify --enable-libmpx --enable-plugin --enable-default-pie --with-system-zlib --with-target-system-zlib --enable-objc-gc=auto --enable-multiarch --disable-werror --with-arch-32=i686 --with-abi=m64 --with-multilib-list=m32,m64,mx32 --enable-multilib --with-tune=generic --enable-offload-targets=nvptx-none --without-cuda-driver --enable-checking=release --build=x86_64-linux-gnu --host=x86_64-linux-gnu --target=x86_64-linux-gnu
Thread model: posix
gcc version 7.5.0 (Ubuntu 7.5.0-3ubuntu1~18.04) 
configure:2946: $? = 0
configure:2935: gcc -V >&5
gcc: error: unrecognized command line option '-V'
gcc: fatal error: no input files
compilation terminated.
configure:2946: $? = 1
configure:2935: gcc -qversion >&5
gcc: error: unrecognized command line option '-qversion'; did you mean '--version'?
gcc: fatal error: no input files
compilation terminated.
configure:2946: $? = 1
configure:2966: checking whether the C compiler works
configure:2988: gcc    conftest.c  >&5
configure:2992: $? = 0
configure:3040: result: yes
configure:3043: checking for C compiler default output file name
configure:3045: result: a.out
configure:3051: checking for suffix of executables
configure:3058: gcc -o conftest    conftest.c  >&5
configure:3062: $? = 0
configure:3084: result: 
configure:3106: checking whether we are cross compiling
configure:3114: gcc -o conftest    conftest.c  >&5
configure:3118: $? = 0
configure:3125: ./conftest
configure:3129: $? = 0
configure:3144: result: no
configure:3149: checking for suffix of object files
configure:3171: gcc -c   conftest.c >&5
configure:3175: $? = 0
configure:3196: result: o
configure:3200: checking whether we are using the GNU C compiler
configure:3219: gcc -c   conftest.c >&5
configure:3219: $? = 0
configure:3228: result: yes
configure:3237: checking whether gcc accepts -g
configure:3257: gcc -c -g  conftest.c >&5
configure:3257: $? = 0
configure:3298: result: yes
configure:3315: checking for gcc option to accept ISO C89
configure:3378: gcc  -c -g -O2  conftest.c >&5
configure:3378: $? = 0
configure:3391: result: none needed
configure:3411: checking for a sed that does not truncate output
configure:3475: result: /bin/sed
configure:3493: checking for grep that handles long lines and -e
configure:3551: result: /bin/grep
configure:3556: checking for egrep
configure:3618: result: /bin/grep -E
configure:3623: checking for fgrep
configure:3685: result: /bin/grep -F
configure:3720: checking for ld used by gcc
configure:3787: result: /usr/bin/ld
configure:3794: checking if the linker (/usr/bin/ld) is GNU ld
configure:3809: result: yes
configure:3821: checking for BSD- or MS-compatible name lister (nm)
configure:3875: result: /usr/bin/nm -B
configure:4005: checking the name lister (/usr/bin/nm -B) interface
configure:4012: gcc -c -g -O2  conftest.c >&5
configure:4015: /usr/bin/nm -B "conftest.o"
configure:4018: output
0000000000000000 B some_variable
configure:4025: result: BSD nm
configure:4028: checking whether ln -s works
configure:4032: result: yes
configure:4040: checking the maximum length of command line arguments
configure:4171: result: 1572864
configure:4219: checking how to convert x86_64-pc-linux-gnu file names to x86_64-pc-linux-gnu format
configure:4259: result: func_convert_file_noop
configure:4266: checking how to convert x86_64-pc-linux-gnu file names to toolchain format
configure:4286: result: func_convert_file_noop
configure:4293: checking for /usr/bin/ld option to reload object files
configure:4300: result: -r
configure:4374: checking for objdump
configure:4390: found /usr/bin/objdump
configure:4401: result: objdump
configure:4433: checking how to recognize dependent libraries
configure:4633: result: pass_all
configure:4718: checking for dlltool
configure:4748: result: no
configure:4778: checking how to associate runtime and link libraries
configure:4805: result: printf %s\n
configure:4866: checking for ar
configure:4882: found /usr/bin/ar
configure:4893: result: ar
configure:4930: checking for archiver @FILE support
configure:4947: gcc -c -g -O2  conftest.c >&5
configure:4947: $? = 0
configure:4950: ar cru libconftest.a @conftest.lst >&5
ar: `u' modifier ignored since `D' is the default (see `U')
configure:4953: $? = 0
configure:4958: ar cru libconftest.a @conftest.lst >&5
ar: `u' modifier ignored since `D' is the default (see `U')
ar: conftest.o: No such file or directory
configure:4961: $? = 1
configure:4973: result: @
configure:5031: checking for strip
configure:5047: found /usr/bin/strip
configure:5058: result: strip
configure:5130: checking for ranlib
configure:5146: found /usr/bin/ranlib
configure:5157: result: ranlib
configure:5234: checking for gawk
configure:5264: result: no
configure:5234: checking for mawk
configure:5250: found /usr/bin/mawk
configure:5261: result: mawk
configure:5301: checking command to parse /usr/bin/nm -B output from gcc object
configure:5454: gcc -c -g -O2  conftest.c >&5
configure:5457: $? = 0
configure:5461: /usr/bin/nm -B conftest.o \| sed -n -e 's/^.*[ ]\([ABCDGIRSTW][ABCDGIRSTW]*\)[ ][ ]*\([_A-Za-z][_A-Za-z0-9]*\)$/\1 \2 \2/p' | sed '/ __gnu_lto/d' \> conftest.nm
configure:5464: $? = 0
configure:5530: gcc -o conftest -g -O2   conftest.c conftstm.o >&5
configure:5533: $? = 0
configure:5571: result: ok
configure:5618: checking for sysroot
configure:5648: result: no
configure:5655: checking for a working dd
configure:5693: result: /bin/dd
configure:5697: checking how to truncate binary pipes
configure:5712: result: /bin/dd bs=4096 count=1
configure:5848: gcc -c -g -O2  conftest.c >&5
configure:5851: $? = 0
configure:6041: checking for mt
configure:6057: found /bin/mt
configure:6068: result: mt
configure:6091: checking if mt is a manifest tool
configure:6097: mt '-?'
configure:6105: result: no
configure:6782: checking how to run the C preprocessor
configure:6813: gcc -E  conftest.c
configure:6813: $? = 0
configure:6827: gcc -E  conftest.c
conftest.c:9:10: fatal error: ac_nonexistent.h: No such file or directory
 #include <ac_nonexistent.h>
          ^~~~~~~~~~~~~~~~~~
compilation terminated.
configure:6827: $? = 1
configure: failed program was:
| /* confdefs.h */
| #define PACKAGE_NAME "mysql++"
| #define PACKAGE_TARNAME "mysql++"
| #define PACKAGE_VERSION "3.2.5"
| #define PACKAGE_STRING "mysql++ 3.2.5"
| #define PACKAGE_BUGREPORT "plusplus@lists.mysql.com"
| #define PACKAGE_URL ""
| /* end confdefs.h.  */
| #include <ac_nonexistent.h>
configure:6852: result: gcc -E
configure:6872: gcc -E  conftest.c
configure:6872: $? = 0
configure:6886: gcc -E  conftest.c
conftest.c:9:10: fatal error: ac_nonexistent.h: No such file or directory
 #include <ac_nonexistent.h>
          ^~~~~~~~~~~~~~~~~~
compilation terminated.
configure:6886: $? = 1
configure: failed program was:
| /* confdefs.h */
| #define PACKAGE_NAME "mysql++"
| #define PACKAGE_TARNAME "mysql++"
| #define PACKAGE_VERSION "3.2.5"
| #define PACKAGE_STRING "mysql++ 3.2.5"
| #define PACKAGE_BUGREPORT "plusplus@lists.mysql.com"
| #define PACKAGE_URL ""
| /* end confdefs.h.  */
| #include <ac_nonexistent.h>
configure:6915: checking for ANSI C header files
configure:6935: gcc -c -g -O2  conftest.c >&5
configure:6935: $? = 0
configure:7008: gcc -o conftest -g -O2   conftest.c  >&5
configure:7008: $? = 0
configure:7008: ./conftest
configure:7008: $? = 0
configure:7019: result: yes
configure:7032: checking for sys/types.h
configure:7032: gcc -c -g -O2  conftest.c >&5
configure:7032: $? = 0
configure:7032: result: yes
configure:7032: checking for sys/stat.h
configure:7032: gcc -c -g -O2  conftest.c >&5
configure:7032: $? = 0
configure:7032: result: yes
configure:7032: checking for stdlib.h
configure:7032: gcc -c -g -O2  conftest.c >&5
configure:7032: $? = 0
configure:7032: result: yes
configure:7032: checking for string.h
configure:7032: gcc -c -g -O2  conftest.c >&5
configure:7032: $? = 0
configure:7032: result: yes
configure:7032: checking for memory.h
configure:7032: gcc -c -g -O2  conftest.c >&5
configure:7032: $? = 0
configure:7032: result: yes
configure:7032: checking for strings.h
configure:7032: gcc -c -g -O2  conftest.c >&5
configure:7032: $? = 0
configure:7032: result: yes
configure:7032: checking for inttypes.h
configure:7032: gcc -c -g -O2  conftest.c >&5
configure:7032: $? = 0
configure:7032: result: yes
configure:7032: checking for stdint.h
configure:7032: gcc -c -g -O2  conftest.c >&5
configure:7032: $? = 0
configure:7032: result: yes
configure:7032: checking for unistd.h
configure:7032: gcc -c -g -O2  conftest.c >&5
configure:7032: $? = 0
configure:7032: result: yes
configure:7046: checking for dlfcn.h
configure:7046: gcc -c -g -O2  conftest.c >&5
configure:7046: $? = 0
configure:7046: result: yes
configure:7302: checking for objdir
configure:7317: result: .libs
configure:7577: checking if gcc supports -fno-rtti -fno-exceptions
configure:7595: gcc -c -g -O2  -fno-rtti -fno-exceptions conftest.c >&5
cc1: warning: command line option '-fno-rtti' is valid for C++/ObjC++ but not for C
configure:7599: $? = 0
configure:7612: result: no
configure:7970: checking for gcc option to produce PIC
configure:7977: result: -fPIC -DPIC
configure:7985: checking if gcc PIC flag -fPIC -DPIC works
configure:8003: gcc -c -g -O2  -fPIC -DPIC -DPIC conftest.c >&5
configure:8007: $? = 0
configure:8020: result: yes
configure:8049: checking if gcc static flag -static works
configure:8077: result: yes
configure:8092: checking if gcc supports -c -o file.o
configure:8113: gcc -c -g -O2  -o out/conftest2.o conftest.c >&5
configure:8117: $? = 0
configure:8139: result: yes
configure:8147: checking if gcc supports -c -o file.o
configure:8194: result: yes
configure:8227: checking whether the gcc linker (/usr/bin/ld -m elf_x86_64) supports shared libraries
configure:9486: result: yes
configure:9523: checking whether -lc should be explicitly linked in
configure:9531: gcc -c -g -O2  conftest.c >&5
configure:9534: $? = 0
configure:9549: gcc -shared  -fPIC -DPIC conftest.o  -v -Wl,-soname -Wl,conftest -o conftest 2\>\&1 \| /bin/grep  -lc  \>/dev/null 2\>\&1
configure:9552: $? = 0
configure:9566: result: no
configure:9726: checking dynamic linker characteristics
configure:10307: gcc -o conftest -g -O2   -Wl,-rpath -Wl,/foo conftest.c  >&5
configure:10307: $? = 0
configure:10544: result: GNU/Linux ld.so
configure:10666: checking how to hardcode library paths into programs
configure:10691: result: immediate
configure:11239: checking whether stripping libraries is possible
configure:11244: result: yes
configure:11279: checking if libtool supports shared libraries
configure:11281: result: yes
configure:11284: checking whether to build shared libraries
configure:11309: result: yes
configure:11312: checking whether to build static libraries
configure:11316: result: yes
configure:11414: checking for gcc
configure:11441: result: gcc
configure:11670: checking for C compiler version
configure:11679: gcc --version >&5
gcc (Ubuntu 7.5.0-3ubuntu1~18.04) 7.5.0
Copyright (C) 2017 Free Software Foundation, Inc.
This is free software; see the source for copying conditions.  There is NO
warranty; not even for MERCHANTABILITY or FITNESS FOR A PARTICULAR PURPOSE.

configure:11690: $? = 0
configure:11679: gcc -v >&5
Using built-in specs.
COLLECT_GCC=gcc
COLLECT_LTO_WRAPPER=/usr/lib/gcc/x86_64-linux-gnu/7/lto-wrapper
OFFLOAD_TARGET_NAMES=nvptx-none
OFFLOAD_TARGET_DEFAULT=1
Target: x86_64-linux-gnu
Configured with: ../src/configure -v --with-pkgversion='Ubuntu 7.5.0-3ubuntu1~18.04' --with-bugurl=file:///usr/share/doc/gcc-7/README.Bugs --enable-languages=c,ada,c++,go,brig,d,fortran,objc,obj-c++ --prefix=/usr --with-gcc-major-version-only --program-suffix=-7 --program-prefix=x86_64-linux-gnu- --enable-shared --enable-linker-build-id --libexecdir=/usr/lib --without-included-gettext --enable-threads=posix --libdir=/usr/lib --enable-nls --enable-bootstrap --enable-clocale=gnu --enable-libstdcxx-debug --enable-libstdcxx-time=yes --with-default-libstdcxx-abi=new --enable-gnu-unique-object --disable-vtable-verify --enable-libmpx --enable-plugin --enable-default-pie --with-system-zlib --with-target-system-zlib --enable-objc-gc=auto --enable-multiarch --disable-werror --with-arch-32=i686 --with-abi=m64 --with-multilib-list=m32,m64,mx32 --enable-multilib --with-tune=generic --enable-offload-targets=nvptx-none --without-cuda-driver --enable-checking=release --build=x86_64-linux-gnu --host=x86_64-linux-gnu --target=x86_64-linux-gnu
Thread model: posix
gcc version 7.5.0 (Ubuntu 7.5.0-3ubuntu1~18.04) 
configure:11690: $? = 0
configure:11679: gcc -V >&5
gcc: error: unrecognized command line option '-V'
gcc: fatal error: no input files
compilation terminated.
configure:11690: $? = 1
configure:11679: gcc -qversion >&5
gcc: error: unrecognized command line option '-qversion'; did you mean '--version'?
gcc: fatal error: no input files
compilation terminated.
configure:11690: $? = 1
configure:11694: checking whether we are using the GNU C compiler
configure:11722: result: yes
configure:11731: checking whether gcc accepts -g
configure:11792: result: yes
configure:11809: checking for gcc option to accept ISO C89
configure:11885: result: none needed
configure:11905: checking for ANSI C header files
configure:12009: result: yes
configure:12192: checking for the pthreads library -lpthreads
configure:12225: gcc -o conftest -g -O2    conftest.c -lpthreads  >&5
conftest.c: In function 'main':
conftest.c:27:22: warning: null argument where non-null required (argument 1) [-Wnonnull]
                      pthread_attr_init(0); pthread_cleanup_push(0, 0);
                      ^~~~~~~~~~~~~~~~~
conftest.c:28:22: warning: null argument where non-null required (argument 1) [-Wnonnull]
                      pthread_create(0,0,0,0); pthread_cleanup_pop(0);
                      ^~~~~~~~~~~~~~
conftest.c:28:22: warning: null argument where non-null required (argument 3) [-Wnonnull]
/usr/bin/ld: cannot find -lpthreads
collect2: error: ld returned 1 exit status
configure:12225: $? = 1
configure: failed program was:
| /* confdefs.h */
| #define PACKAGE_NAME "mysql++"
| #define PACKAGE_TARNAME "mysql++"
| #define PACKAGE_VERSION "3.2.5"
| #define PACKAGE_STRING "mysql++ 3.2.5"
| #define PACKAGE_BUGREPORT "plusplus@lists.mysql.com"
| #define PACKAGE_URL ""
| #define STDC_HEADERS 1
| #define HAVE_SYS_TYPES_H 1
| #define HAVE_SYS_STAT_H 1
| #define HAVE_STDLIB_H 1
| #define HAVE_STRING_H 1
| #define HAVE_MEMORY_H 1
| #define HAVE_STRINGS_H 1
| #define HAVE_INTTYPES_H 1
| #define HAVE_STDINT_H 1
| #define HAVE_UNISTD_H 1
| #define HAVE_DLFCN_H 1
| #define LT_OBJDIR ".libs/"
| #define STDC_HEADERS 1
| /* end confdefs.h.  */
| #include <pthread.h>
| int
| main ()
| {
| pthread_t th; pthread_join(th, 0);
|                      pthread_attr_init(0); pthread_cleanup_push(0, 0);
|                      pthread_create(0,0,0,0); pthread_cleanup_pop(0);
|   ;
|   return 0;
| }
configure:12234: result: no
configure:12137: checking whether pthreads work without any flags
configure:12225: gcc -o conftest -g -O2    conftest.c   >&5
conftest.c: In function 'main':
conftest.c:27:22: warning: null argument where non-null required (argument 1) [-Wnonnull]
                      pthread_attr_init(0); pthread_cleanup_push(0, 0);
                      ^~~~~~~~~~~~~~~~~
conftest.c:28:22: warning: null argument where non-null required (argument 1) [-Wnonnull]
                      pthread_create(0,0,0,0); pthread_cleanup_pop(0);
                      ^~~~~~~~~~~~~~
conftest.c:28:22: warning: null argument where non-null required (argument 3) [-Wnonnull]
/tmp/ccoJr0el.o: In function `main':
/tmp/mysql++-3.2.5/conftest.c:26: undefined reference to `pthread_join'
/tmp/mysql++-3.2.5/conftest.c:27: undefined reference to `__pthread_register_cancel'
/tmp/mysql++-3.2.5/conftest.c:28: undefined reference to `pthread_create'
/tmp/mysql++-3.2.5/conftest.c:28: undefined reference to `__pthread_unregister_cancel'
collect2: error: ld returned 1 exit status
configure:12225: $? = 1
configure: failed program was:
| /* confdefs.h */
| #define PACKAGE_NAME "mysql++"
| #define PACKAGE_TARNAME "mysql++"
| #define PACKAGE_VERSION "3.2.5"
| #define PACKAGE_STRING "mysql++ 3.2.5"
| #define PACKAGE_BUGREPORT "plusplus@lists.mysql.com"
| #define PACKAGE_URL ""
| #define STDC_HEADERS 1
| #define HAVE_SYS_TYPES_H 1
| #define HAVE_SYS_STAT_H 1
| #define HAVE_STDLIB_H 1
| #define HAVE_STRING_H 1
| #define HAVE_MEMORY_H 1
| #define HAVE_STRINGS_H 1
| #define HAVE_INTTYPES_H 1
| #define HAVE_STDINT_H 1
| #define HAVE_UNISTD_H 1
| #define HAVE_DLFCN_H 1
| #define LT_OBJDIR ".libs/"
| #define STDC_HEADERS 1
| /* end confdefs.h.  */
| #include <pthread.h>
| int
| main ()
| {
| pthread_t th; pthread_join(th, 0);
|                      pthread_attr_init(0); pthread_cleanup_push(0, 0);
|                      pthread_create(0,0,0,0); pthread_cleanup_pop(0);
|   ;
|   return 0;
| }
configure:12234: result: no
configure:12142: checking whether pthreads work with -Kthread
configure:12225: gcc -o conftest -g -O2 -Kthread   conftest.c   >&5
gcc: error: unrecognized command line option '-Kthread'; did you mean '-pthread'?
configure:12225: $? = 1
configure: failed program was:
| /* confdefs.h */
| #define PACKAGE_NAME "mysql++"
| #define PACKAGE_TARNAME "mysql++"
| #define PACKAGE_VERSION "3.2.5"
| #define PACKAGE_STRING "mysql++ 3.2.5"
| #define PACKAGE_BUGREPORT "plusplus@lists.mysql.com"
| #define PACKAGE_URL ""
| #define STDC_HEADERS 1
| #define HAVE_SYS_TYPES_H 1
| #define HAVE_SYS_STAT_H 1
| #define HAVE_STDLIB_H 1
| #define HAVE_STRING_H 1
| #define HAVE_MEMORY_H 1
| #define HAVE_STRINGS_H 1
| #define HAVE_INTTYPES_H 1
| #define HAVE_STDINT_H 1
| #define HAVE_UNISTD_H 1
| #define HAVE_DLFCN_H 1
| #define LT_OBJDIR ".libs/"
| #define STDC_HEADERS 1
| /* end confdefs.h.  */
| #include <pthread.h>
| int
| main ()
| {
| pthread_t th; pthread_join(th, 0);
|                      pthread_attr_init(0); pthread_cleanup_push(0, 0);
|                      pthread_create(0,0,0,0); pthread_cleanup_pop(0);
|   ;
|   return 0;
| }
configure:12234: result: no
configure:12142: checking whether pthreads work with -kthread
configure:12225: gcc -o conftest -g -O2 -kthread   conftest.c   >&5
gcc: error: unrecognized command line option '-kthread'; did you mean '-pthread'?
configure:12225: $? = 1
configure: failed program was:
| /* confdefs.h */
| #define PACKAGE_NAME "mysql++"
| #define PACKAGE_TARNAME "mysql++"
| #define PACKAGE_VERSION "3.2.5"
| #define PACKAGE_STRING "mysql++ 3.2.5"
| #define PACKAGE_BUGREPORT "plusplus@lists.mysql.com"
| #define PACKAGE_URL ""
| #define STDC_HEADERS 1
| #define HAVE_SYS_TYPES_H 1
| #define HAVE_SYS_STAT_H 1
| #define HAVE_STDLIB_H 1
| #define HAVE_STRING_H 1
| #define HAVE_MEMORY_H 1
| #define HAVE_STRINGS_H 1
| #define HAVE_INTTYPES_H 1
| #define HAVE_STDINT_H 1
| #define HAVE_UNISTD_H 1
| #define HAVE_DLFCN_H 1
| #define LT_OBJDIR ".libs/"
| #define STDC_HEADERS 1
| /* end confdefs.h.  */
| #include <pthread.h>
| int
| main ()
| {
| pthread_t th; pthread_join(th, 0);
|                      pthread_attr_init(0); pthread_cleanup_push(0, 0);
|                      pthread_create(0,0,0,0); pthread_cleanup_pop(0);
|   ;
|   return 0;
| }
configure:12234: result: no
configure:12192: checking for the pthreads library -llthread
configure:12225: gcc -o conftest -g -O2    conftest.c -llthread  >&5
conftest.c: In function 'main':
conftest.c:27:22: warning: null argument where non-null required (argument 1) [-Wnonnull]
                      pthread_attr_init(0); pthread_cleanup_push(0, 0);
                      ^~~~~~~~~~~~~~~~~
conftest.c:28:22: warning: null argument where non-null required (argument 1) [-Wnonnull]
                      pthread_create(0,0,0,0); pthread_cleanup_pop(0);
                      ^~~~~~~~~~~~~~
conftest.c:28:22: warning: null argument where non-null required (argument 3) [-Wnonnull]
/usr/bin/ld: cannot find -llthread
collect2: error: ld returned 1 exit status
configure:12225: $? = 1
configure: failed program was:
| /* confdefs.h */
| #define PACKAGE_NAME "mysql++"
| #define PACKAGE_TARNAME "mysql++"
| #define PACKAGE_VERSION "3.2.5"
| #define PACKAGE_STRING "mysql++ 3.2.5"
| #define PACKAGE_BUGREPORT "plusplus@lists.mysql.com"
| #define PACKAGE_URL ""
| #define STDC_HEADERS 1
| #define HAVE_SYS_TYPES_H 1
| #define HAVE_SYS_STAT_H 1
| #define HAVE_STDLIB_H 1
| #define HAVE_STRING_H 1
| #define HAVE_MEMORY_H 1
| #define HAVE_STRINGS_H 1
| #define HAVE_INTTYPES_H 1
| #define HAVE_STDINT_H 1
| #define HAVE_UNISTD_H 1
| #define HAVE_DLFCN_H 1
| #define LT_OBJDIR ".libs/"
| #define STDC_HEADERS 1
| /* end confdefs.h.  */
| #include <pthread.h>
| int
| main ()
| {
| pthread_t th; pthread_join(th, 0);
|                      pthread_attr_init(0); pthread_cleanup_push(0, 0);
|                      pthread_create(0,0,0,0); pthread_cleanup_pop(0);
|   ;
|   return 0;
| }
configure:12234: result: no
configure:12142: checking whether pthreads work with -pthread
configure:12225: gcc -o conftest -g -O2 -pthread   conftest.c   >&5
conftest.c: In function 'main':
conftest.c:27:22: warning: null argument where non-null required (argument 1) [-Wnonnull]
                      pthread_attr_init(0); pthread_cleanup_push(0, 0);
                      ^~~~~~~~~~~~~~~~~
conftest.c:28:22: warning: null argument where non-null required (argument 1) [-Wnonnull]
                      pthread_create(0,0,0,0); pthread_cleanup_pop(0);
                      ^~~~~~~~~~~~~~
conftest.c:28:22: warning: null argument where non-null required (argument 3) [-Wnonnull]
configure:12225: $? = 0
configure:12234: result: yes
configure:12253: checking for joinable pthread attribute
configure:12268: gcc -o conftest -g -O2 -pthread   conftest.c   >&5
configure:12268: $? = 0
configure:12274: result: PTHREAD_CREATE_JOINABLE
configure:12284: checking if more special flags are required for pthreads
configure:12291: result: no
configure:12378: checking synch.h usability
configure:12378: gcc -c -g -O2 -pthread  conftest.c >&5
conftest.c:56:10: fatal error: synch.h: No such file or directory
 #include <synch.h>
          ^~~~~~~~~
compilation terminated.
configure:12378: $? = 1
configure: failed program was:
| /* confdefs.h */
| #define PACKAGE_NAME "mysql++"
| #define PACKAGE_TARNAME "mysql++"
| #define PACKAGE_VERSION "3.2.5"
| #define PACKAGE_STRING "mysql++ 3.2.5"
| #define PACKAGE_BUGREPORT "plusplus@lists.mysql.com"
| #define PACKAGE_URL ""
| #define STDC_HEADERS 1
| #define HAVE_SYS_TYPES_H 1
| #define HAVE_SYS_STAT_H 1
| #define HAVE_STDLIB_H 1
| #define HAVE_STRING_H 1
| #define HAVE_MEMORY_H 1
| #define HAVE_STRINGS_H 1
| #define HAVE_INTTYPES_H 1
| #define HAVE_STDINT_H 1
| #define HAVE_UNISTD_H 1
| #define HAVE_DLFCN_H 1
| #define LT_OBJDIR ".libs/"
| #define STDC_HEADERS 1
| #define HAVE_PTHREAD 1
| /* end confdefs.h.  */
| #include <stdio.h>
| #ifdef HAVE_SYS_TYPES_H
| # include <sys/types.h>
| #endif
| #ifdef HAVE_SYS_STAT_H
| # include <sys/stat.h>
| #endif
| #ifdef STDC_HEADERS
| # include <stdlib.h>
| # include <stddef.h>
| #else
| # ifdef HAVE_STDLIB_H
| #  include <stdlib.h>
| # endif
| #endif
| #ifdef HAVE_STRING_H
| # if !defined STDC_HEADERS && defined HAVE_MEMORY_H
| #  include <memory.h>
| # endif
| # include <string.h>
| #endif
| #ifdef HAVE_STRINGS_H
| # include <strings.h>
| #endif
| #ifdef HAVE_INTTYPES_H
| # include <inttypes.h>
| #endif
| #ifdef HAVE_STDINT_H
| # include <stdint.h>
| #endif
| #ifdef HAVE_UNISTD_H
| # include <unistd.h>
| #endif
| #include <synch.h>
configure:12378: result: no
configure:12378: checking synch.h presence
configure:12378: gcc -E  conftest.c
conftest.c:23:10: fatal error: synch.h: No such file or directory
 #include <synch.h>
          ^~~~~~~~~
compilation terminated.
configure:12378: $? = 1
configure: failed program was:
| /* confdefs.h */
| #define PACKAGE_NAME "mysql++"
| #define PACKAGE_TARNAME "mysql++"
| #define PACKAGE_VERSION "3.2.5"
| #define PACKAGE_STRING "mysql++ 3.2.5"
| #define PACKAGE_BUGREPORT "plusplus@lists.mysql.com"
| #define PACKAGE_URL ""
| #define STDC_HEADERS 1
| #define HAVE_SYS_TYPES_H 1
| #define HAVE_SYS_STAT_H 1
| #define HAVE_STDLIB_H 1
| #define HAVE_STRING_H 1
| #define HAVE_MEMORY_H 1
| #define HAVE_STRINGS_H 1
| #define HAVE_INTTYPES_H 1
| #define HAVE_STDINT_H 1
| #define HAVE_UNISTD_H 1
| #define HAVE_DLFCN_H 1
| #define LT_OBJDIR ".libs/"
| #define STDC_HEADERS 1
| #define HAVE_PTHREAD 1
| /* end confdefs.h.  */
| #include <synch.h>
configure:12378: result: no
configure:12378: checking for synch.h
configure:12378: result: no
configure:12390: checking for unistd.h
configure:12390: result: yes
configure:12420: checking for getopt
configure:12420: gcc -o conftest -g -O2 -pthread   conftest.c   >&5
configure:12420: $? = 0
configure:12420: result: yes
configure:12474: checking whether -lm is needed to use C math functions
configure:12490: gcc -o conftest -g -O2 -pthread   conftest.c   >&5
configure:12490: $? = 0
configure:12491: result: no
configure:12533: checking whether -lsocket is needed
configure:12552: gcc -o conftest -g -O2 -pthread   conftest.c   >&5
configure:12552: $? = 0
configure:12553: result: no
configure:12593: checking whether -lnsl is needed
configure:12607: gcc -o conftest -g -O2 -pthread   conftest.c   >&5
configure:12607: $? = 0
configure:12608: result: no
configure:12687: checking for MySQL include directory
configure:12709: result: /usr/include/mysql
configure:12716: checking for MySQL C API library directory
configure:12740: gcc -o conftest -g -O2 -pthread  -I/usr/include/mysql  -L/usr/lib conftest.c   -lmysqlclient_r >&5
configure:12740: $? = 0
configure:12741: result: /usr/lib
configure:12800: checking for mysql_ssl_set in -lmysqlclient_r
configure:12825: gcc -o conftest -g -O2 -pthread   conftest.c -lmysqlclient_r    >&5
configure:12825: $? = 0
configure:12835: result: yes
configure:12846: checking for localtime_r()
configure:12865: gcc -o conftest -g -O2 -pthread   conftest.c   >&5
configure:12865: $? = 0
configure:12865: ./conftest
configure:12865: $? = 0
configure:12875: result: yes
configure:12884: checking for main in -lintl
configure:12903: gcc -o conftest -g -O2 -pthread   conftest.c -lintl    >&5
/usr/bin/ld: cannot find -lintl
collect2: error: ld returned 1 exit status
configure:12903: $? = 1
configure: failed program was:
| /* confdefs.h */
| #define PACKAGE_NAME "mysql++"
| #define PACKAGE_TARNAME "mysql++"
| #define PACKAGE_VERSION "3.2.5"
| #define PACKAGE_STRING "mysql++ 3.2.5"
| #define PACKAGE_BUGREPORT "plusplus@lists.mysql.com"
| #define PACKAGE_URL ""
| #define STDC_HEADERS 1
| #define HAVE_SYS_TYPES_H 1
| #define HAVE_SYS_STAT_H 1
| #define HAVE_STDLIB_H 1
| #define HAVE_STRING_H 1
| #define HAVE_MEMORY_H 1
| #define HAVE_STRINGS_H 1
| #define HAVE_INTTYPES_H 1
| #define HAVE_STDINT_H 1
| #define HAVE_UNISTD_H 1
| #define HAVE_DLFCN_H 1
| #define LT_OBJDIR ".libs/"
| #define STDC_HEADERS 1
| #define HAVE_PTHREAD 1
| #define HAVE_UNISTD_H 1
| #define HAVE_POSIX_GETOPT /**/
| #define HAVE_MYSQL_SSL_SET /**/
| #define HAVE_LOCALTIME_R 1
| /* end confdefs.h.  */
| 
| 
| int
| main ()
| {
| return main ();
|   ;
|   return 0;
| }
configure:12912: result: no
configure:12994: checking for g++
configure:13010: found /usr/bin/g++
configure:13021: result: g++
configure:13048: checking for C++ compiler version
configure:13057: g++ --version >&5
g++ (Ubuntu 7.5.0-3ubuntu1~18.04) 7.5.0
Copyright (C) 2017 Free Software Foundation, Inc.
This is free software; see the source for copying conditions.  There is NO
warranty; not even for MERCHANTABILITY or FITNESS FOR A PARTICULAR PURPOSE.

configure:13068: $? = 0
configure:13057: g++ -v >&5
Using built-in specs.
COLLECT_GCC=g++
COLLECT_LTO_WRAPPER=/usr/lib/gcc/x86_64-linux-gnu/7/lto-wrapper
OFFLOAD_TARGET_NAMES=nvptx-none
OFFLOAD_TARGET_DEFAULT=1
Target: x86_64-linux-gnu
Configured with: ../src/configure -v --with-pkgversion='Ubuntu 7.5.0-3ubuntu1~18.04' --with-bugurl=file:///usr/share/doc/gcc-7/README.Bugs --enable-languages=c,ada,c++,go,brig,d,fortran,objc,obj-c++ --prefix=/usr --with-gcc-major-version-only --program-suffix=-7 --program-prefix=x86_64-linux-gnu- --enable-shared --enable-linker-build-id --libexecdir=/usr/lib --without-included-gettext --enable-threads=posix --libdir=/usr/lib --enable-nls --enable-bootstrap --enable-clocale=gnu --enable-libstdcxx-debug --enable-libstdcxx-time=yes --with-default-libstdcxx-abi=new --enable-gnu-unique-object --disable-vtable-verify --enable-libmpx --enable-plugin --enable-default-pie --with-system-zlib --with-target-system-zlib --enable-objc-gc=auto --enable-multiarch --disable-werror --with-arch-32=i686 --with-abi=m64 --with-multilib-list=m32,m64,mx32 --enable-multilib --with-tune=generic --enable-offload-targets=nvptx-none --without-cuda-driver --enable-checking=release --build=x86_64-linux-gnu --host=x86_64-linux-gnu --target=x86_64-linux-gnu
Thread model: posix
gcc version 7.5.0 (Ubuntu 7.5.0-3ubuntu1~18.04) 
configure:13068: $? = 0
configure:13057: g++ -V >&5
g++: error: unrecognized command line option '-V'
g++: fatal error: no input files
compilation terminated.
configure:13068: $? = 1
configure:13057: g++ -qversion >&5
g++: error: unrecognized command line option '-qversion'; did you mean '--version'?
g++: fatal error: no input files
compilation terminated.
configure:13068: $? = 1
configure:13072: checking whether we are using the GNU C++ compiler
configure:13091: g++ -c   conftest.cpp >&5
configure:13091: $? = 0
configure:13100: result: yes
configure:13109: checking whether g++ accepts -g
configure:13129: g++ -c -g  conftest.cpp >&5
configure:13129: $? = 0
configure:13170: result: yes
configure:13211: checking how to run the C++ preprocessor
configure:13238: g++ -E  conftest.cpp
configure:13238: $? = 0
configure:13252: g++ -E  conftest.cpp
conftest.cpp:27:10: fatal error: ac_nonexistent.h: No such file or directory
 #include <ac_nonexistent.h>
          ^~~~~~~~~~~~~~~~~~
compilation terminated.
configure:13252: $? = 1
configure: failed program was:
| /* confdefs.h */
| #define PACKAGE_NAME "mysql++"
| #define PACKAGE_TARNAME "mysql++"
| #define PACKAGE_VERSION "3.2.5"
| #define PACKAGE_STRING "mysql++ 3.2.5"
| #define PACKAGE_BUGREPORT "plusplus@lists.mysql.com"
| #define PACKAGE_URL ""
| #define STDC_HEADERS 1
| #define HAVE_SYS_TYPES_H 1
| #define HAVE_SYS_STAT_H 1
| #define HAVE_STDLIB_H 1
| #define HAVE_STRING_H 1
| #define HAVE_MEMORY_H 1
| #define HAVE_STRINGS_H 1
| #define HAVE_INTTYPES_H 1
| #define HAVE_STDINT_H 1
| #define HAVE_UNISTD_H 1
| #define HAVE_DLFCN_H 1
| #define LT_OBJDIR ".libs/"
| #define STDC_HEADERS 1
| #define HAVE_PTHREAD 1
| #define HAVE_UNISTD_H 1
| #define HAVE_POSIX_GETOPT /**/
| #define HAVE_MYSQL_SSL_SET /**/
| #define HAVE_LOCALTIME_R 1
| /* end confdefs.h.  */
| #include <ac_nonexistent.h>
configure:13277: result: g++ -E
configure:13297: g++ -E  conftest.cpp
configure:13297: $? = 0
configure:13311: g++ -E  conftest.cpp
conftest.cpp:27:10: fatal error: ac_nonexistent.h: No such file or directory
 #include <ac_nonexistent.h>
          ^~~~~~~~~~~~~~~~~~
compilation terminated.
configure:13311: $? = 1
configure: failed program was:
| /* confdefs.h */
| #define PACKAGE_NAME "mysql++"
| #define PACKAGE_TARNAME "mysql++"
| #define PACKAGE_VERSION "3.2.5"
| #define PACKAGE_STRING "mysql++ 3.2.5"
| #define PACKAGE_BUGREPORT "plusplus@lists.mysql.com"
| #define PACKAGE_URL ""
| #define STDC_HEADERS 1
| #define HAVE_SYS_TYPES_H 1
| #define HAVE_SYS_STAT_H 1
| #define HAVE_STDLIB_H 1
| #define HAVE_STRING_H 1
| #define HAVE_MEMORY_H 1
| #define HAVE_STRINGS_H 1
| #define HAVE_INTTYPES_H 1
| #define HAVE_STDINT_H 1
| #define HAVE_UNISTD_H 1
| #define HAVE_DLFCN_H 1
| #define LT_OBJDIR ".libs/"
| #define STDC_HEADERS 1
| #define HAVE_PTHREAD 1
| #define HAVE_UNISTD_H 1
| #define HAVE_POSIX_GETOPT /**/
| #define HAVE_MYSQL_SSL_SET /**/
| #define HAVE_LOCALTIME_R 1
| /* end confdefs.h.  */
| #include <ac_nonexistent.h>
configure:13473: checking for ld used by g++
configure:13540: result: /usr/bin/ld -m elf_x86_64
configure:13547: checking if the linker (/usr/bin/ld -m elf_x86_64) is GNU ld
configure:13562: result: yes
configure:13617: checking whether the g++ linker (/usr/bin/ld -m elf_x86_64) supports shared libraries
configure:14690: result: yes
configure:14726: g++ -c -g -O2  conftest.cpp >&5
configure:14729: $? = 0
configure:15210: checking for g++ option to produce PIC
configure:15217: result: -fPIC -DPIC
configure:15225: checking if g++ PIC flag -fPIC -DPIC works
configure:15243: g++ -c -g -O2  -fPIC -DPIC -DPIC conftest.cpp >&5
configure:15247: $? = 0
configure:15260: result: yes
configure:15283: checking if g++ static flag -static works
configure:15311: result: yes
configure:15323: checking if g++ supports -c -o file.o
configure:15344: g++ -c -g -O2  -o out/conftest2.o conftest.cpp >&5
configure:15348: $? = 0
configure:15370: result: yes
configure:15375: checking if g++ supports -c -o file.o
configure:15422: result: yes
configure:15452: checking whether the g++ linker (/usr/bin/ld -m elf_x86_64) supports shared libraries
configure:15492: result: yes
configure:15633: checking dynamic linker characteristics
configure:16378: result: GNU/Linux ld.so
configure:16443: checking how to hardcode library paths into programs
configure:16468: result: immediate
configure:16515: checking for STL slist extension
configure:16529: g++ -c -g -O2  conftest.cpp >&5
conftest.cpp:27:10: fatal error: slist: No such file or directory
 #include <slist>
          ^~~~~~~
compilation terminated.
configure:16529: $? = 1
configure: failed program was:
| /* confdefs.h */
| #define PACKAGE_NAME "mysql++"
| #define PACKAGE_TARNAME "mysql++"
| #define PACKAGE_VERSION "3.2.5"
| #define PACKAGE_STRING "mysql++ 3.2.5"
| #define PACKAGE_BUGREPORT "plusplus@lists.mysql.com"
| #define PACKAGE_URL ""
| #define STDC_HEADERS 1
| #define HAVE_SYS_TYPES_H 1
| #define HAVE_SYS_STAT_H 1
| #define HAVE_STDLIB_H 1
| #define HAVE_STRING_H 1
| #define HAVE_MEMORY_H 1
| #define HAVE_STRINGS_H 1
| #define HAVE_INTTYPES_H 1
| #define HAVE_STDINT_H 1
| #define HAVE_UNISTD_H 1
| #define HAVE_DLFCN_H 1
| #define LT_OBJDIR ".libs/"
| #define STDC_HEADERS 1
| #define HAVE_PTHREAD 1
| #define HAVE_UNISTD_H 1
| #define HAVE_POSIX_GETOPT /**/
| #define HAVE_MYSQL_SSL_SET /**/
| #define HAVE_LOCALTIME_R 1
| /* end confdefs.h.  */
| #include <slist>
| int
| main ()
| {
| slist<int> l
|   ;
|   return 0;
| }
configure:16554: g++ -c -g -O2  conftest.cpp >&5
conftest.cpp:27:10: fatal error: slist: No such file or directory
 #include <slist>
          ^~~~~~~
compilation terminated.
configure:16554: $? = 1
configure: failed program was:
| /* confdefs.h */
| #define PACKAGE_NAME "mysql++"
| #define PACKAGE_TARNAME "mysql++"
| #define PACKAGE_VERSION "3.2.5"
| #define PACKAGE_STRING "mysql++ 3.2.5"
| #define PACKAGE_BUGREPORT "plusplus@lists.mysql.com"
| #define PACKAGE_URL ""
| #define STDC_HEADERS 1
| #define HAVE_SYS_TYPES_H 1
| #define HAVE_SYS_STAT_H 1
| #define HAVE_STDLIB_H 1
| #define HAVE_STRING_H 1
| #define HAVE_MEMORY_H 1
| #define HAVE_STRINGS_H 1
| #define HAVE_INTTYPES_H 1
| #define HAVE_STDINT_H 1
| #define HAVE_UNISTD_H 1
| #define HAVE_DLFCN_H 1
| #define LT_OBJDIR ".libs/"
| #define STDC_HEADERS 1
| #define HAVE_PTHREAD 1
| #define HAVE_UNISTD_H 1
| #define HAVE_POSIX_GETOPT /**/
| #define HAVE_MYSQL_SSL_SET /**/
| #define HAVE_LOCALTIME_R 1
| /* end confdefs.h.  */
| #include <slist>
| int
| main ()
| {
| std::slist<int> l
|   ;
|   return 0;
| }
configure:16579: g++ -c -g -O2  conftest.cpp >&5
configure:16579: $? = 0
configure:16595: result: <ext/slist>, namespace __gnu_cxx
configure:16613: checking whether we are using the Intel C compiler
configure:16633: gcc -c -g -O2 -pthread  conftest.c >&5
conftest.c: In function 'main':
conftest.c:34:17: error: unknown type name 'choke'
                 choke me
                 ^~~~~
configure:16633: $? = 1
configure: failed program was:
| /* confdefs.h */
| #define PACKAGE_NAME "mysql++"
| #define PACKAGE_TARNAME "mysql++"
| #define PACKAGE_VERSION "3.2.5"
| #define PACKAGE_STRING "mysql++ 3.2.5"
| #define PACKAGE_BUGREPORT "plusplus@lists.mysql.com"
| #define PACKAGE_URL ""
| #define STDC_HEADERS 1
| #define HAVE_SYS_TYPES_H 1
| #define HAVE_SYS_STAT_H 1
| #define HAVE_STDLIB_H 1
| #define HAVE_STRING_H 1
| #define HAVE_MEMORY_H 1
| #define HAVE_STRINGS_H 1
| #define HAVE_INTTYPES_H 1
| #define HAVE_STDINT_H 1
| #define HAVE_UNISTD_H 1
| #define HAVE_DLFCN_H 1
| #define LT_OBJDIR ".libs/"
| #define STDC_HEADERS 1
| #define HAVE_PTHREAD 1
| #define HAVE_UNISTD_H 1
| #define HAVE_POSIX_GETOPT /**/
| #define HAVE_MYSQL_SSL_SET /**/
| #define HAVE_LOCALTIME_R 1
| #define HAVE_EXT_SLIST 1
| /* end confdefs.h.  */
| 
| int
| main ()
| {
| 
|              #ifndef __INTEL_COMPILER
|                 choke me
|              #endif
| 
|   ;
|   return 0;
| }
configure:16643: result: no
configure:17179: checking whether we are using the Intel C++ compiler
configure:17199: g++ -c -g -O2  conftest.cpp >&5
conftest.cpp: In function 'int main()':
conftest.cpp:34:17: error: 'choke' was not declared in this scope
                 choke me
                 ^~~~~
configure:17199: $? = 1
configure: failed program was:
| /* confdefs.h */
| #define PACKAGE_NAME "mysql++"
| #define PACKAGE_TARNAME "mysql++"
| #define PACKAGE_VERSION "3.2.5"
| #define PACKAGE_STRING "mysql++ 3.2.5"
| #define PACKAGE_BUGREPORT "plusplus@lists.mysql.com"
| #define PACKAGE_URL ""
| #define STDC_HEADERS 1
| #define HAVE_SYS_TYPES_H 1
| #define HAVE_SYS_STAT_H 1
| #define HAVE_STDLIB_H 1
| #define HAVE_STRING_H 1
| #define HAVE_MEMORY_H 1
| #define HAVE_STRINGS_H 1
| #define HAVE_INTTYPES_H 1
| #define HAVE_STDINT_H 1
| #define HAVE_UNISTD_H 1
| #define HAVE_DLFCN_H 1
| #define LT_OBJDIR ".libs/"
| #define STDC_HEADERS 1
| #define HAVE_PTHREAD 1
| #define HAVE_UNISTD_H 1
| #define HAVE_POSIX_GETOPT /**/
| #define HAVE_MYSQL_SSL_SET /**/
| #define HAVE_LOCALTIME_R 1
| #define HAVE_EXT_SLIST 1
| /* end confdefs.h.  */
| 
| int
| main ()
| {
| 
|              #ifndef __INTEL_COMPILER
|                 choke me
|              #endif
| 
|   ;
|   return 0;
| }
configure:17209: result: no
configure:17514: checking whether we are using the Sun C++ compiler
configure:17534: g++ -c -g -O2  conftest.cpp >&5
conftest.cpp: In function 'int main()':
conftest.cpp:34:17: error: 'choke' was not declared in this scope
                 choke me
                 ^~~~~
configure:17534: $? = 1
configure: failed program was:
| /* confdefs.h */
| #define PACKAGE_NAME "mysql++"
| #define PACKAGE_TARNAME "mysql++"
| #define PACKAGE_VERSION "3.2.5"
| #define PACKAGE_STRING "mysql++ 3.2.5"
| #define PACKAGE_BUGREPORT "plusplus@lists.mysql.com"
| #define PACKAGE_URL ""
| #define STDC_HEADERS 1
| #define HAVE_SYS_TYPES_H 1
| #define HAVE_SYS_STAT_H 1
| #define HAVE_STDLIB_H 1
| #define HAVE_STRING_H 1
| #define HAVE_MEMORY_H 1
| #define HAVE_STRINGS_H 1
| #define HAVE_INTTYPES_H 1
| #define HAVE_STDINT_H 1
| #define HAVE_UNISTD_H 1
| #define HAVE_DLFCN_H 1
| #define LT_OBJDIR ".libs/"
| #define STDC_HEADERS 1
| #define HAVE_PTHREAD 1
| #define HAVE_UNISTD_H 1
| #define HAVE_POSIX_GETOPT /**/
| #define HAVE_MYSQL_SSL_SET /**/
| #define HAVE_LOCALTIME_R 1
| #define HAVE_EXT_SLIST 1
| /* end confdefs.h.  */
| 
| int
| main ()
| {
| 
|              #ifndef __SUNPRO_CC
|                 choke me
|              #endif
| 
|   ;
|   return 0;
| }
configure:17544: result: no
configure:17747: checking for a BSD-compatible install
configure:17815: result: /usr/bin/install -c
configure:17885: checking for ranlib
configure:17912: result: ranlib
configure:17935: checking whether ln -s works
configure:17939: result: yes
configure:17947: checking whether make sets $(MAKE)
configure:17969: result: yes
configure:18032: checking for ar
configure:18059: result: ar
configure:18128: checking for strip
configure:18155: result: strip
configure:18220: checking for nm
configure:18247: result: /usr/bin/nm -B
configure:18282: checking if make is GNU make
configure:18296: result: yes
configure:18802: checking for dependency tracking method
configure:18816: result: gcc
configure:19272: creating ./config.status

## ---------------------- ##
## Running config.status. ##
## ---------------------- ##

This file was extended by mysql++ config.status 3.2.5, which was
generated by GNU Autoconf 2.69.  Invocation command line was

  CONFIG_FILES    = 
  CONFIG_HEADERS  = 
  CONFIG_LINKS    = 
  CONFIG_COMMANDS = 
  $ ./config.status 

on aliyun-ubuntu

config.status:1189: creating doc/userman/userman.dbx
config.status:1189: creating install.hta
config.status:1189: creating lib/Doxyfile
config.status:1189: creating lib/mysql++.h
config.status:1189: creating ssx/Doxyfile
config.status:1189: creating abi.xml
config.status:1189: creating mysql++.spec
config.status:1189: creating Makefile
config.status:1189: creating version
config.status:1189: creating config.h
config.status:1378: executing libtool commands

## ---------------- ##
## Cache variables. ##
## ---------------- ##

ac_cv_build=x86_64-pc-linux-gnu
ac_cv_c_compiler_gnu=yes
ac_cv_cxx_compiler_gnu=yes
ac_cv_env_CCC_set=
ac_cv_env_CCC_value=
ac_cv_env_CC_set=
ac_cv_env_CC_value=
ac_cv_env_CFLAGS_set=
ac_cv_env_CFLAGS_value=
ac_cv_env_CPPFLAGS_set=
ac_cv_env_CPPFLAGS_value=
ac_cv_env_CPP_set=
ac_cv_env_CPP_value=
ac_cv_env_CXXCPP_set=
ac_cv_env_CXXCPP_value=
ac_cv_env_CXXFLAGS_set=
ac_cv_env_CXXFLAGS_value=
ac_cv_env_CXX_set=
ac_cv_env_CXX_value=
ac_cv_env_LDFLAGS_set=
ac_cv_env_LDFLAGS_value=
ac_cv_env_LIBS_set=
ac_cv_env_LIBS_value=
ac_cv_env_LT_SYS_LIBRARY_PATH_set=
ac_cv_env_LT_SYS_LIBRARY_PATH_value=
ac_cv_env_build_alias_set=
ac_cv_env_build_alias_value=
ac_cv_env_host_alias_set=
ac_cv_env_host_alias_value=
ac_cv_env_target_alias_set=
ac_cv_env_target_alias_value=
ac_cv_func_getopt=yes
ac_cv_header_dlfcn_h=yes
ac_cv_header_inttypes_h=yes
ac_cv_header_memory_h=yes
ac_cv_header_stdc=yes
ac_cv_header_stdint_h=yes
ac_cv_header_stdlib_h=yes
ac_cv_header_string_h=yes
ac_cv_header_strings_h=yes
ac_cv_header_synch_h=no
ac_cv_header_sys_stat_h=yes
ac_cv_header_sys_types_h=yes
ac_cv_header_unistd_h=yes
ac_cv_host=x86_64-pc-linux-gnu
ac_cv_lib_intl_main=no
ac_cv_lib_mysqlclient_r___mysql_ssl_set=yes
ac_cv_objext=o
ac_cv_path_EGREP='/bin/grep -E'
ac_cv_path_FGREP='/bin/grep -F'
ac_cv_path_GREP=/bin/grep
ac_cv_path_SED=/bin/sed
ac_cv_path_install='/usr/bin/install -c'
ac_cv_path_lt_DD=/bin/dd
ac_cv_prog_AWK=mawk
ac_cv_prog_CPP='gcc -E'
ac_cv_prog_CXXCPP='g++ -E'
ac_cv_prog_ac_ct_AR=ar
ac_cv_prog_ac_ct_CC=gcc
ac_cv_prog_ac_ct_CXX=g++
ac_cv_prog_ac_ct_MANIFEST_TOOL=mt
ac_cv_prog_ac_ct_NM='/usr/bin/nm -B'
ac_cv_prog_ac_ct_OBJDUMP=objdump
ac_cv_prog_ac_ct_RANLIB=ranlib
ac_cv_prog_ac_ct_STRIP=strip
ac_cv_prog_cc_c89=
ac_cv_prog_cc_g=yes
ac_cv_prog_cxx_g=yes
ac_cv_prog_make_make_set=yes
ac_cv_target=x86_64-pc-linux-gnu
bakefile_cv_c_compiler___INTEL_COMPILER=no
bakefile_cv_cxx_compiler___INTEL_COMPILER=no
bakefile_cv_cxx_compiler___SUNPRO_CC=no
bakefile_cv_prog_makeisgnu=yes
lt_cv_ar_at_file=@
lt_cv_archive_cmds_need_lc=no
lt_cv_deplibs_check_method=pass_all
lt_cv_file_magic_cmd='$MAGIC_CMD'
lt_cv_file_magic_test_file=
lt_cv_ld_reload_flag=-r
lt_cv_nm_interface='BSD nm'
lt_cv_objdir=.libs
lt_cv_path_LD=/usr/bin/ld
lt_cv_path_LDCXX='/usr/bin/ld -m elf_x86_64'
lt_cv_path_NM='/usr/bin/nm -B'
lt_cv_path_mainfest_tool=no
lt_cv_prog_compiler_c_o=yes
lt_cv_prog_compiler_c_o_CXX=yes
lt_cv_prog_compiler_pic='-fPIC -DPIC'
lt_cv_prog_compiler_pic_CXX='-fPIC -DPIC'
lt_cv_prog_compiler_pic_works=yes
lt_cv_prog_compiler_pic_works_CXX=yes
lt_cv_prog_compiler_rtti_exceptions=no
lt_cv_prog_compiler_static_works=yes
lt_cv_prog_compiler_static_works_CXX=yes
lt_cv_prog_gnu_ld=yes
lt_cv_prog_gnu_ldcxx=yes
lt_cv_sharedlib_from_linklib_cmd='printf %s\n'
lt_cv_shlibpath_overrides_runpath=yes
lt_cv_sys_global_symbol_pipe='sed -n -e '\''s/^.*[	 ]\([ABCDGIRSTW][ABCDGIRSTW]*\)[	 ][	 ]*\([_A-Za-z][_A-Za-z0-9]*\)$/\1 \2 \2/p'\'' | sed '\''/ __gnu_lto/d'\'''
lt_cv_sys_global_symbol_to_c_name_address='sed -n -e '\''s/^: \(.*\) .*$/  {"\1", (void *) 0},/p'\'' -e '\''s/^[ABCDGIRSTW][ABCDGIRSTW]* .* \(.*\)$/  {"\1", (void *) \&\1},/p'\'''
lt_cv_sys_global_symbol_to_c_name_address_lib_prefix='sed -n -e '\''s/^: \(.*\) .*$/  {"\1", (void *) 0},/p'\'' -e '\''s/^[ABCDGIRSTW][ABCDGIRSTW]* .* \(lib.*\)$/  {"\1", (void *) \&\1},/p'\'' -e '\''s/^[ABCDGIRSTW][ABCDGIRSTW]* .* \(.*\)$/  {"lib\1", (void *) \&\1},/p'\'''
lt_cv_sys_global_symbol_to_cdecl='sed -n -e '\''s/^T .* \(.*\)$/extern int \1();/p'\'' -e '\''s/^[ABCDGIRSTW][ABCDGIRSTW]* .* \(.*\)$/extern char \1;/p'\'''
lt_cv_sys_global_symbol_to_import=
lt_cv_sys_max_cmd_len=1572864
lt_cv_to_host_file_cmd=func_convert_file_noop
lt_cv_to_tool_file_cmd=func_convert_file_noop
lt_cv_truncate_bin='/bin/dd bs=4096 count=1'

## ----------------- ##
## Output variables. ##
## ----------------- ##

AIX_CXX_LD=''
AR='ar'
AROPTIONS='rc'
AWK='mawk'
BK_DEPS='/tmp/mysql++-3.2.5/bk-deps'
CC='gcc'
CFLAGS='-g -O2 -pthread'
COND_BUILD_debug='#'
COND_BUILD_release='#'
COND_DEPS_TRACKING_0='#'
COND_DEPS_TRACKING_1=''
COND_PLATFORM_MACOSX_0_USE_SOVERCYGWIN_0_USE_SOVERSION_1=''
COND_PLATFORM_MACOSX_0_USE_SOVERSION_1=''
COND_PLATFORM_MACOSX_1='#'
COND_PLATFORM_MACOSX_1_USE_SOVERSION_1='#'
COND_PLATFORM_OS2_1='#'
COND_USE_SOTWOSYMLINKS_1=''
COND_USE_SOVERCYGWIN_1_USE_SOVERSION_1='#'
COND_USE_SOVERLINUX_1=''
COND_USE_SOVERSION_0='#'
COND_USE_SOVERSION_1_USE_SOVERSOLARIS_1='#'
COND_USE_SOVERSOLARIS_1='#'
COND_WINDOWS_IMPLIB_1='#'
CPP='gcc -E'
CPPFLAGS=''
CXX='g++'
CXXCPP='g++ -E'
CXXFLAGS='-g -O2'
DEFS='-DHAVE_CONFIG_H'
DEPS_TRACKING='1'
DLLIMP_SUFFIX='so'
DLLPREFIX='lib'
DLLPREFIX_MODULE=''
DLLTOOL='false'
DSYMUTIL=''
DUMPBIN=''
ECHO_C=''
ECHO_N='-n'
ECHO_T=''
EGREP='/bin/grep -E'
EXEEXT=''
FGREP='/bin/grep -F'
GREP='/bin/grep'
IF_GNU_MAKE=''
INSTALL_DATA='${INSTALL} -m 644'
INSTALL_DIR='mkdir -p'
INSTALL_PROGRAM='${INSTALL}'
INSTALL_SCRIPT='${INSTALL}'
LD='/usr/bin/ld -m elf_x86_64'
LDFLAGS=''
LDFLAGS_GUI=''
LIBEXT='.a'
LIBOBJS=''
LIBPREFIX='lib'
LIBS=' '
LIBTOOL='$(SHELL) $(top_builddir)/libtool'
LIBTOOL_DEPS='./ltmain.sh'
LIPO=''
LN_S='ln -s'
LTLIBOBJS=''
LT_SYS_LIBRARY_PATH=''
MAKE_SET=''
MANIFEST_TOOL=':'
MYSQLPP_EXTRA_LIBS=''
MYSQLPP_VERSION_BUGFIX='5'
MYSQLPP_VERSION_MAJOR='3'
MYSQLPP_VERSION_MINOR='2'
MYSQL_C_INC_DIR='/usr/include/mysql'
MYSQL_C_LIB_DIR='/usr/lib'
MYSQL_C_LIB_NAME='mysqlclient_r'
NM='/usr/bin/nm -B'
NMEDIT=''
OBJCXXFLAGS=''
OBJDUMP='objdump'
OBJEXT='o'
OTOOL64=''
OTOOL=''
PACKAGE_BUGREPORT='plusplus@lists.mysql.com'
PACKAGE_NAME='mysql++'
PACKAGE_STRING='mysql++ 3.2.5'
PACKAGE_TARNAME='mysql++'
PACKAGE_URL=''
PACKAGE_VERSION='3.2.5'
PATH_SEPARATOR=':'
PIC_FLAG='-fPIC -DPIC'
PLATFORM_BEOS='0'
PLATFORM_MAC='0'
PLATFORM_MACOS='0'
PLATFORM_MACOSX='0'
PLATFORM_UNIX='1'
PLATFORM_WIN32='0'
PTHREAD_CC='gcc'
PTHREAD_CFLAGS='-pthread'
PTHREAD_LIBS=''
RANLIB='ranlib'
SED='/bin/sed'
SET_MAKE=''
SHARED_LD_CC='$(CC) -shared -fPIC -o'
SHARED_LD_CXX='$(CXX) -shared -fPIC -o'
SHARED_LD_MODULE_CC='$(CC) -shared -fPIC -o'
SHARED_LD_MODULE_CXX='$(CXX) -shared -fPIC -o'
SHELL='/bin/bash'
SONAME_FLAG='-Wl,-soname,'
SO_SUFFIX='so'
SO_SUFFIX_MODULE='so'
STRIP='strip'
USE_MACVERSION='0'
USE_SOTWOSYMLINKS='1'
USE_SOVERCYGWIN='0'
USE_SOVERLINUX='1'
USE_SOVERSION='1'
USE_SOVERSOLARIS='0'
WINDOWS_IMPLIB='0'
WINDRES=''
ac_ct_AR='ar'
ac_ct_CC='gcc'
ac_ct_CXX='g++'
ac_ct_DUMPBIN=''
acx_pthread_config=''
bindir='${exec_prefix}/bin'
build='x86_64-pc-linux-gnu'
build_alias=''
build_cpu='x86_64'
build_os='linux-gnu'
build_vendor='pc'
datadir='${datarootdir}'
datarootdir='${prefix}/share'
dlldir='${exec_prefix}/lib'
docdir='${datarootdir}/doc/${PACKAGE_TARNAME}'
dvidir='${docdir}'
exec_prefix='${prefix}'
host='x86_64-pc-linux-gnu'
host_alias=''
host_cpu='x86_64'
host_os='linux-gnu'
host_vendor='pc'
htmldir='${docdir}'
includedir='${prefix}/include'
infodir='${datarootdir}/info'
libdir='${exec_prefix}/lib'
libexecdir='${exec_prefix}/libexec'
localedir='${datarootdir}/locale'
localstatedir='${prefix}/var'
mandir='${datarootdir}/man'
oldincludedir='/usr/include'
pdfdir='${docdir}'
prefix='/usr/local'
program_transform_name='s,x,x,'
psdir='${docdir}'
sbindir='${exec_prefix}/sbin'
sharedstatedir='${prefix}/com'
sysconfdir='${prefix}/etc'
target='x86_64-pc-linux-gnu'
target_alias=''
target_cpu='x86_64'
target_os='linux-gnu'
target_vendor='pc'

## ----------- ##
## confdefs.h. ##
## ----------- ##

/* confdefs.h */
#define PACKAGE_NAME "mysql++"
#define PACKAGE_TARNAME "mysql++"
#define PACKAGE_VERSION "3.2.5"
#define PACKAGE_STRING "mysql++ 3.2.5"
#define PACKAGE_BUGREPORT "plusplus@lists.mysql.com"
#define PACKAGE_URL ""
#define STDC_HEADERS 1
#define HAVE_SYS_TYPES_H 1
#define HAVE_SYS_STAT_H 1
#define HAVE_STDLIB_H 1
#define HAVE_STRING_H 1
#define HAVE_MEMORY_H 1
#define HAVE_STRINGS_H 1
#define HAVE_INTTYPES_H 1
#define HAVE_STDINT_H 1
#define HAVE_UNISTD_H 1
#define HAVE_DLFCN_H 1
#define LT_OBJDIR ".libs/"
#define STDC_HEADERS 1
#define HAVE_PTHREAD 1
#define HAVE_UNISTD_H 1
#define HAVE_POSIX_GETOPT /**/
#define HAVE_MYSQL_SSL_SET /**/
#define HAVE_LOCALTIME_R 1
#define HAVE_EXT_SLIST 1

configure: exit 0
